2022-11-20 10:44:15.856 -03 [1200] LOG:  database system was shut down at 2022-11-20 00:53:25 -03
2022-11-20 10:49:16.100 -03 [1692] LOG:  checkpoint starting: time
2022-11-20 10:49:16.496 -03 [1692] LOG:  checkpoint complete: wrote 3 buffers (0.0%); 0 WAL file(s) added, 0 removed, 0 recycled; write=0.014 s, sync=0.152 s, total=0.399 s; sync files=2, longest=0.078 s, average=0.076 s; distance=0 kB, estimate=0 kB
2022-11-20 16:30:30.041 -03 [18348] FATAL:  password authentication failed for user "postgres"
2022-11-20 16:30:30.041 -03 [18348] DETAIL:  Connection matched pg_hba.conf line 87: "host    all             all             127.0.0.1/32            scram-sha-256"
2022-11-20 16:30:37.171 -03 [31888] FATAL:  password authentication failed for user "postgres"
2022-11-20 16:30:37.171 -03 [31888] DETAIL:  Connection matched pg_hba.conf line 87: "host    all             all             127.0.0.1/32            scram-sha-256"
2022-11-20 16:34:17.430 -03 [1692] LOG:  checkpoint starting: time
2022-11-20 16:34:18.627 -03 [1692] LOG:  checkpoint complete: wrote 6 buffers (0.0%); 0 WAL file(s) added, 0 removed, 0 recycled; write=0.664 s, sync=0.111 s, total=1.199 s; sync files=3, longest=0.061 s, average=0.037 s; distance=3 kB, estimate=3 kB
2022-11-20 16:44:17.643 -03 [1692] LOG:  checkpoint starting: time
2022-11-20 16:44:18.026 -03 [1692] LOG:  checkpoint complete: wrote 3 buffers (0.0%); 0 WAL file(s) added, 0 removed, 0 recycled; write=0.214 s, sync=0.048 s, total=0.384 s; sync files=3, longest=0.017 s, average=0.016 s; distance=1 kB, estimate=3 kB
2022-11-20 20:09:17.422 -03 [1692] LOG:  checkpoint starting: time
2022-11-20 20:09:18.366 -03 [1692] LOG:  checkpoint complete: wrote 5 buffers (0.0%); 0 WAL file(s) added, 0 removed, 0 recycled; write=0.435 s, sync=0.134 s, total=0.945 s; sync files=4, longest=0.054 s, average=0.034 s; distance=0 kB, estimate=3 kB
2022-11-20 20:11:59.175 -03 [20032] ERROR:  column "cod_barras" of relation "produto" contains null values
2022-11-20 20:11:59.175 -03 [20032] STATEMENT:  ALTER TABLE public.produto ALTER COLUMN cod_barras SET NOT NULL
2022-11-20 20:14:17.371 -03 [1692] LOG:  checkpoint starting: time
2022-11-20 20:14:17.817 -03 [1692] LOG:  checkpoint complete: wrote 3 buffers (0.0%); 0 WAL file(s) added, 0 removed, 0 recycled; write=0.221 s, sync=0.061 s, total=0.447 s; sync files=3, longest=0.024 s, average=0.021 s; distance=8 kB, estimate=8 kB
2022-11-20 20:15:23.121 -03 [1436] ERROR:  column "cod_barras" of relation "produto" contains null values
2022-11-20 20:15:23.121 -03 [1436] STATEMENT:  ALTER TABLE public.produto ALTER COLUMN cod_barras SET NOT NULL
2022-11-20 20:15:35.035 -03 [12608] ERROR:  UNION types "char" and text cannot be matched at character 768
2022-11-20 20:15:35.035 -03 [12608] STATEMENT:  select D.objoid id, C.relkind as kind, D.objsubid sub_id, D.description
	from pg_catalog.pg_description D
	  join pg_catalog.pg_class C on D.objoid = C.oid
	where C.relnamespace = $1::oid and C.relkind != 'c'
	and pg_catalog.age(D.xmin) <= coalesce(nullif(greatest(pg_catalog.age($2::varchar::xid), -1), -1), 2147483647)
	union all
	select T.oid id, 'T' as kind, D.objsubid sub_id, D.description
	from pg_catalog.pg_description D
	  join pg_catalog.pg_type T on T.oid = D.objoid or T.typrelid = D.objoid
	  left join pg_catalog.pg_class C on T.typrelid = C.oid
	where T.typnamespace = $3::oid and (C.relkind = 'c' or C.relkind is null)
	and pg_catalog.age(D.xmin) <= coalesce(nullif(greatest(pg_catalog.age($4::varchar::xid), -1), -1), 2147483647)
	union all
	select D.objoid id, pg_catalog.translate(C.contype, 'pufc', 'kkxz') as kind, D.objsubid sub_id, D.description
	from pg_catalog.pg_description D
	  join pg_catalog.pg_constraint C on D.objoid = C.oid
	where C.connamespace = $5::oid
	and pg_catalog.age(D.xmin) <= coalesce(nullif(greatest(pg_catalog.age($6::varchar::xid), -1), -1), 2147483647)
	union all
	select D.objoid id, 't' as kind, D.objsubid sub_id, D.description
	from pg_catalog.pg_description D
	  join pg_catalog.pg_trigger T on T.oid = D.objoid
	  join pg_catalog.pg_class C on C.oid = T.tgrelid
	where C.relnamespace = $7::oid
	and pg_catalog.age(D.xmin) <= coalesce(nullif(greatest(pg_catalog.age($8::varchar::xid), -1), -1), 2147483647)
	union all
	select D.objoid id, 'R' as kind, D.objsubid sub_id, D.description
	from pg_catalog.pg_description D
	  join pg_catalog.pg_rewrite R on R.oid = D.objoid
	  join pg_catalog.pg_class C on C.oid = R.ev_class
	where C.relnamespace = $9::oid
	and pg_catalog.age(D.xmin) <= coalesce(nullif(greatest(pg_catalog.age($10::varchar::xid), -1), -1), 2147483647)
	union all
	select D.objoid id, 'F' as kind, D.objsubid sub_id, D.description
	from pg_catalog.pg_description D
	  join pg_catalog.pg_proc P on P.oid = D.objoid
	where P.pronamespace = $11::oid
	and pg_catalog.age(D.xmin) <= coalesce(nullif(greatest(pg_catalog.age($12::varchar::xid), -1), -1), 2147483647)
	union all
	select D.objoid id, 'O' as kind, D.objsubid sub_id, D.description
	from pg_catalog.pg_description D
	  join pg_catalog.pg_operator O on O.oid = D.objoid
	where O.oprnamespace = $13::oid
	and pg_catalog.age(D.xmin) <= coalesce(nullif(greatest(pg_catalog.age($14::varchar::xid), -1), -1), 2147483647)
	union all
	select D.objoid id, 'f' as kind, D.objsubid sub_id, D.description
	from pg_catalog.pg_description D
	  join pg_catalog.pg_opfamily O on O.oid = D.objoid
	where O.opfnamespace = $15::oid
	and pg_catalog.age(D.xmin) <= coalesce(nullif(greatest(pg_catalog.age($16::varchar::xid), -1), -1), 2147483647)
	union all
	select D.objoid id, 'c' as kind, D.objsubid sub_id, D.description
	from pg_catalog.pg_description D
	  join pg_catalog.pg_opclass O on O.oid = D.objoid
	where O.opcnamespace = $17::oid
	and pg_catalog.age(D.xmin) <= coalesce(nullif(greatest(pg_catalog.age($18::varchar::xid), -1), -1), 2147483647)
	union all
	select D.objoid id, 'C' as kind, D.objsubid sub_id, D.description
	from pg_catalog.pg_description D
	  join pg_catalog.pg_collation C on C.oid = D.objoid
	where C.collnamespace = $19::oid
	and pg_catalog.age(D.xmin) <= coalesce(nullif(greatest(pg_catalog.age($20::varchar::xid), -1), -1), 2147483647)
	
	union all
	select D.objoid id, 'P' as kind, D.objsubid sub_id, D.description
	from pg_catalog.pg_description D
	       join pg_catalog.pg_policy P on P.oid = D.objoid
	       join pg_catalog.pg_class C on P.polrelid = C.oid
	where C.relnamespace = $21::oid
	and pg_catalog.age(D.xmin) <= coalesce(nullif(greatest(pg_catalog.age($22::varchar::xid), -1), -1), 2147483647)
	
2022-11-20 20:16:50.263 -03 [32644] ERROR:  column "cod_barras" of relation "produto" contains null values
2022-11-20 20:16:50.263 -03 [32644] STATEMENT:  alter table produto
	    alter column cod_barras set not null
2022-11-20 20:17:59.549 -03 [32644] ERROR:  column "cod_barras" of relation "produto" contains null values
2022-11-20 20:17:59.549 -03 [32644] STATEMENT:  alter table produto
	    alter column cod_barras set not null
2022-11-20 20:18:26.620 -03 [32644] ERROR:  column "desc_completa" of relation "produto" contains null values
2022-11-20 20:18:26.620 -03 [32644] STATEMENT:  alter table produto
	    alter column desc_completa set not null
2022-11-20 20:19:17.822 -03 [1692] LOG:  checkpoint starting: time
2022-11-20 20:19:18.175 -03 [1692] LOG:  checkpoint complete: wrote 2 buffers (0.0%); 0 WAL file(s) added, 0 removed, 0 recycled; write=0.109 s, sync=0.040 s, total=0.354 s; sync files=2, longest=0.025 s, average=0.020 s; distance=9 kB, estimate=9 kB
2022-11-20 20:22:09.723 -03 [29356] ERROR:  UNION types "char" and text cannot be matched at character 768
2022-11-20 20:22:09.723 -03 [29356] STATEMENT:  select D.objoid id, C.relkind as kind, D.objsubid sub_id, D.description
	from pg_catalog.pg_description D
	  join pg_catalog.pg_class C on D.objoid = C.oid
	where C.relnamespace = $1::oid and C.relkind != 'c'
	and pg_catalog.age(D.xmin) <= coalesce(nullif(greatest(pg_catalog.age($2::varchar::xid), -1), -1), 2147483647)
	union all
	select T.oid id, 'T' as kind, D.objsubid sub_id, D.description
	from pg_catalog.pg_description D
	  join pg_catalog.pg_type T on T.oid = D.objoid or T.typrelid = D.objoid
	  left join pg_catalog.pg_class C on T.typrelid = C.oid
	where T.typnamespace = $3::oid and (C.relkind = 'c' or C.relkind is null)
	and pg_catalog.age(D.xmin) <= coalesce(nullif(greatest(pg_catalog.age($4::varchar::xid), -1), -1), 2147483647)
	union all
	select D.objoid id, pg_catalog.translate(C.contype, 'pufc', 'kkxz') as kind, D.objsubid sub_id, D.description
	from pg_catalog.pg_description D
	  join pg_catalog.pg_constraint C on D.objoid = C.oid
	where C.connamespace = $5::oid
	and pg_catalog.age(D.xmin) <= coalesce(nullif(greatest(pg_catalog.age($6::varchar::xid), -1), -1), 2147483647)
	union all
	select D.objoid id, 't' as kind, D.objsubid sub_id, D.description
	from pg_catalog.pg_description D
	  join pg_catalog.pg_trigger T on T.oid = D.objoid
	  join pg_catalog.pg_class C on C.oid = T.tgrelid
	where C.relnamespace = $7::oid
	and pg_catalog.age(D.xmin) <= coalesce(nullif(greatest(pg_catalog.age($8::varchar::xid), -1), -1), 2147483647)
	union all
	select D.objoid id, 'R' as kind, D.objsubid sub_id, D.description
	from pg_catalog.pg_description D
	  join pg_catalog.pg_rewrite R on R.oid = D.objoid
	  join pg_catalog.pg_class C on C.oid = R.ev_class
	where C.relnamespace = $9::oid
	and pg_catalog.age(D.xmin) <= coalesce(nullif(greatest(pg_catalog.age($10::varchar::xid), -1), -1), 2147483647)
	union all
	select D.objoid id, 'F' as kind, D.objsubid sub_id, D.description
	from pg_catalog.pg_description D
	  join pg_catalog.pg_proc P on P.oid = D.objoid
	where P.pronamespace = $11::oid
	and pg_catalog.age(D.xmin) <= coalesce(nullif(greatest(pg_catalog.age($12::varchar::xid), -1), -1), 2147483647)
	union all
	select D.objoid id, 'O' as kind, D.objsubid sub_id, D.description
	from pg_catalog.pg_description D
	  join pg_catalog.pg_operator O on O.oid = D.objoid
	where O.oprnamespace = $13::oid
	and pg_catalog.age(D.xmin) <= coalesce(nullif(greatest(pg_catalog.age($14::varchar::xid), -1), -1), 2147483647)
	union all
	select D.objoid id, 'f' as kind, D.objsubid sub_id, D.description
	from pg_catalog.pg_description D
	  join pg_catalog.pg_opfamily O on O.oid = D.objoid
	where O.opfnamespace = $15::oid
	and pg_catalog.age(D.xmin) <= coalesce(nullif(greatest(pg_catalog.age($16::varchar::xid), -1), -1), 2147483647)
	union all
	select D.objoid id, 'c' as kind, D.objsubid sub_id, D.description
	from pg_catalog.pg_description D
	  join pg_catalog.pg_opclass O on O.oid = D.objoid
	where O.opcnamespace = $17::oid
	and pg_catalog.age(D.xmin) <= coalesce(nullif(greatest(pg_catalog.age($18::varchar::xid), -1), -1), 2147483647)
	union all
	select D.objoid id, 'C' as kind, D.objsubid sub_id, D.description
	from pg_catalog.pg_description D
	  join pg_catalog.pg_collation C on C.oid = D.objoid
	where C.collnamespace = $19::oid
	and pg_catalog.age(D.xmin) <= coalesce(nullif(greatest(pg_catalog.age($20::varchar::xid), -1), -1), 2147483647)
	
	union all
	select D.objoid id, 'P' as kind, D.objsubid sub_id, D.description
	from pg_catalog.pg_description D
	       join pg_catalog.pg_policy P on P.oid = D.objoid
	       join pg_catalog.pg_class C on P.polrelid = C.oid
	where C.relnamespace = $21::oid
	and pg_catalog.age(D.xmin) <= coalesce(nullif(greatest(pg_catalog.age($22::varchar::xid), -1), -1), 2147483647)
	
2022-11-20 20:23:10.752 -03 [7324] ERROR:  UNION types "char" and text cannot be matched at character 768
2022-11-20 20:23:10.752 -03 [7324] STATEMENT:  select D.objoid id, C.relkind as kind, D.objsubid sub_id, D.description
	from pg_catalog.pg_description D
	  join pg_catalog.pg_class C on D.objoid = C.oid
	where C.relnamespace = $1::oid and C.relkind != 'c'
	and pg_catalog.age(D.xmin) <= coalesce(nullif(greatest(pg_catalog.age($2::varchar::xid), -1), -1), 2147483647)
	union all
	select T.oid id, 'T' as kind, D.objsubid sub_id, D.description
	from pg_catalog.pg_description D
	  join pg_catalog.pg_type T on T.oid = D.objoid or T.typrelid = D.objoid
	  left join pg_catalog.pg_class C on T.typrelid = C.oid
	where T.typnamespace = $3::oid and (C.relkind = 'c' or C.relkind is null)
	and pg_catalog.age(D.xmin) <= coalesce(nullif(greatest(pg_catalog.age($4::varchar::xid), -1), -1), 2147483647)
	union all
	select D.objoid id, pg_catalog.translate(C.contype, 'pufc', 'kkxz') as kind, D.objsubid sub_id, D.description
	from pg_catalog.pg_description D
	  join pg_catalog.pg_constraint C on D.objoid = C.oid
	where C.connamespace = $5::oid
	and pg_catalog.age(D.xmin) <= coalesce(nullif(greatest(pg_catalog.age($6::varchar::xid), -1), -1), 2147483647)
	union all
	select D.objoid id, 't' as kind, D.objsubid sub_id, D.description
	from pg_catalog.pg_description D
	  join pg_catalog.pg_trigger T on T.oid = D.objoid
	  join pg_catalog.pg_class C on C.oid = T.tgrelid
	where C.relnamespace = $7::oid
	and pg_catalog.age(D.xmin) <= coalesce(nullif(greatest(pg_catalog.age($8::varchar::xid), -1), -1), 2147483647)
	union all
	select D.objoid id, 'R' as kind, D.objsubid sub_id, D.description
	from pg_catalog.pg_description D
	  join pg_catalog.pg_rewrite R on R.oid = D.objoid
	  join pg_catalog.pg_class C on C.oid = R.ev_class
	where C.relnamespace = $9::oid
	and pg_catalog.age(D.xmin) <= coalesce(nullif(greatest(pg_catalog.age($10::varchar::xid), -1), -1), 2147483647)
	union all
	select D.objoid id, 'F' as kind, D.objsubid sub_id, D.description
	from pg_catalog.pg_description D
	  join pg_catalog.pg_proc P on P.oid = D.objoid
	where P.pronamespace = $11::oid
	and pg_catalog.age(D.xmin) <= coalesce(nullif(greatest(pg_catalog.age($12::varchar::xid), -1), -1), 2147483647)
	union all
	select D.objoid id, 'O' as kind, D.objsubid sub_id, D.description
	from pg_catalog.pg_description D
	  join pg_catalog.pg_operator O on O.oid = D.objoid
	where O.oprnamespace = $13::oid
	and pg_catalog.age(D.xmin) <= coalesce(nullif(greatest(pg_catalog.age($14::varchar::xid), -1), -1), 2147483647)
	union all
	select D.objoid id, 'f' as kind, D.objsubid sub_id, D.description
	from pg_catalog.pg_description D
	  join pg_catalog.pg_opfamily O on O.oid = D.objoid
	where O.opfnamespace = $15::oid
	and pg_catalog.age(D.xmin) <= coalesce(nullif(greatest(pg_catalog.age($16::varchar::xid), -1), -1), 2147483647)
	union all
	select D.objoid id, 'c' as kind, D.objsubid sub_id, D.description
	from pg_catalog.pg_description D
	  join pg_catalog.pg_opclass O on O.oid = D.objoid
	where O.opcnamespace = $17::oid
	and pg_catalog.age(D.xmin) <= coalesce(nullif(greatest(pg_catalog.age($18::varchar::xid), -1), -1), 2147483647)
	union all
	select D.objoid id, 'C' as kind, D.objsubid sub_id, D.description
	from pg_catalog.pg_description D
	  join pg_catalog.pg_collation C on C.oid = D.objoid
	where C.collnamespace = $19::oid
	and pg_catalog.age(D.xmin) <= coalesce(nullif(greatest(pg_catalog.age($20::varchar::xid), -1), -1), 2147483647)
	
	union all
	select D.objoid id, 'P' as kind, D.objsubid sub_id, D.description
	from pg_catalog.pg_description D
	       join pg_catalog.pg_policy P on P.oid = D.objoid
	       join pg_catalog.pg_class C on P.polrelid = C.oid
	where C.relnamespace = $21::oid
	and pg_catalog.age(D.xmin) <= coalesce(nullif(greatest(pg_catalog.age($22::varchar::xid), -1), -1), 2147483647)
	
2022-11-20 20:24:17.191 -03 [1692] LOG:  checkpoint starting: time
2022-11-20 20:24:17.923 -03 [1692] LOG:  checkpoint complete: wrote 3 buffers (0.0%); 0 WAL file(s) added, 0 removed, 0 recycled; write=0.229 s, sync=0.063 s, total=0.733 s; sync files=3, longest=0.028 s, average=0.021 s; distance=9 kB, estimate=9 kB
2022-11-20 21:45:43.825 -03 [13032] ERROR:  UNION types "char" and text cannot be matched at character 768
2022-11-20 21:45:43.825 -03 [13032] STATEMENT:  select D.objoid id, C.relkind as kind, D.objsubid sub_id, D.description
	from pg_catalog.pg_description D
	  join pg_catalog.pg_class C on D.objoid = C.oid
	where C.relnamespace = $1::oid and C.relkind != 'c'
	and pg_catalog.age(D.xmin) <= coalesce(nullif(greatest(pg_catalog.age($2::varchar::xid), -1), -1), 2147483647)
	union all
	select T.oid id, 'T' as kind, D.objsubid sub_id, D.description
	from pg_catalog.pg_description D
	  join pg_catalog.pg_type T on T.oid = D.objoid or T.typrelid = D.objoid
	  left join pg_catalog.pg_class C on T.typrelid = C.oid
	where T.typnamespace = $3::oid and (C.relkind = 'c' or C.relkind is null)
	and pg_catalog.age(D.xmin) <= coalesce(nullif(greatest(pg_catalog.age($4::varchar::xid), -1), -1), 2147483647)
	union all
	select D.objoid id, pg_catalog.translate(C.contype, 'pufc', 'kkxz') as kind, D.objsubid sub_id, D.description
	from pg_catalog.pg_description D
	  join pg_catalog.pg_constraint C on D.objoid = C.oid
	where C.connamespace = $5::oid
	and pg_catalog.age(D.xmin) <= coalesce(nullif(greatest(pg_catalog.age($6::varchar::xid), -1), -1), 2147483647)
	union all
	select D.objoid id, 't' as kind, D.objsubid sub_id, D.description
	from pg_catalog.pg_description D
	  join pg_catalog.pg_trigger T on T.oid = D.objoid
	  join pg_catalog.pg_class C on C.oid = T.tgrelid
	where C.relnamespace = $7::oid
	and pg_catalog.age(D.xmin) <= coalesce(nullif(greatest(pg_catalog.age($8::varchar::xid), -1), -1), 2147483647)
	union all
	select D.objoid id, 'R' as kind, D.objsubid sub_id, D.description
	from pg_catalog.pg_description D
	  join pg_catalog.pg_rewrite R on R.oid = D.objoid
	  join pg_catalog.pg_class C on C.oid = R.ev_class
	where C.relnamespace = $9::oid
	and pg_catalog.age(D.xmin) <= coalesce(nullif(greatest(pg_catalog.age($10::varchar::xid), -1), -1), 2147483647)
	union all
	select D.objoid id, 'F' as kind, D.objsubid sub_id, D.description
	from pg_catalog.pg_description D
	  join pg_catalog.pg_proc P on P.oid = D.objoid
	where P.pronamespace = $11::oid
	and pg_catalog.age(D.xmin) <= coalesce(nullif(greatest(pg_catalog.age($12::varchar::xid), -1), -1), 2147483647)
	union all
	select D.objoid id, 'O' as kind, D.objsubid sub_id, D.description
	from pg_catalog.pg_description D
	  join pg_catalog.pg_operator O on O.oid = D.objoid
	where O.oprnamespace = $13::oid
	and pg_catalog.age(D.xmin) <= coalesce(nullif(greatest(pg_catalog.age($14::varchar::xid), -1), -1), 2147483647)
	union all
	select D.objoid id, 'f' as kind, D.objsubid sub_id, D.description
	from pg_catalog.pg_description D
	  join pg_catalog.pg_opfamily O on O.oid = D.objoid
	where O.opfnamespace = $15::oid
	and pg_catalog.age(D.xmin) <= coalesce(nullif(greatest(pg_catalog.age($16::varchar::xid), -1), -1), 2147483647)
	union all
	select D.objoid id, 'c' as kind, D.objsubid sub_id, D.description
	from pg_catalog.pg_description D
	  join pg_catalog.pg_opclass O on O.oid = D.objoid
	where O.opcnamespace = $17::oid
	and pg_catalog.age(D.xmin) <= coalesce(nullif(greatest(pg_catalog.age($18::varchar::xid), -1), -1), 2147483647)
	union all
	select D.objoid id, 'C' as kind, D.objsubid sub_id, D.description
	from pg_catalog.pg_description D
	  join pg_catalog.pg_collation C on C.oid = D.objoid
	where C.collnamespace = $19::oid
	and pg_catalog.age(D.xmin) <= coalesce(nullif(greatest(pg_catalog.age($20::varchar::xid), -1), -1), 2147483647)
	
	union all
	select D.objoid id, 'P' as kind, D.objsubid sub_id, D.description
	from pg_catalog.pg_description D
	       join pg_catalog.pg_policy P on P.oid = D.objoid
	       join pg_catalog.pg_class C on P.polrelid = C.oid
	where C.relnamespace = $21::oid
	and pg_catalog.age(D.xmin) <= coalesce(nullif(greatest(pg_catalog.age($22::varchar::xid), -1), -1), 2147483647)
	
2022-11-20 21:45:56.316 -03 [17940] ERROR:  UNION types "char" and text cannot be matched at character 768
2022-11-20 21:45:56.316 -03 [17940] STATEMENT:  select D.objoid id, C.relkind as kind, D.objsubid sub_id, D.description
	from pg_catalog.pg_description D
	  join pg_catalog.pg_class C on D.objoid = C.oid
	where C.relnamespace = $1::oid and C.relkind != 'c'
	and pg_catalog.age(D.xmin) <= coalesce(nullif(greatest(pg_catalog.age($2::varchar::xid), -1), -1), 2147483647)
	union all
	select T.oid id, 'T' as kind, D.objsubid sub_id, D.description
	from pg_catalog.pg_description D
	  join pg_catalog.pg_type T on T.oid = D.objoid or T.typrelid = D.objoid
	  left join pg_catalog.pg_class C on T.typrelid = C.oid
	where T.typnamespace = $3::oid and (C.relkind = 'c' or C.relkind is null)
	and pg_catalog.age(D.xmin) <= coalesce(nullif(greatest(pg_catalog.age($4::varchar::xid), -1), -1), 2147483647)
	union all
	select D.objoid id, pg_catalog.translate(C.contype, 'pufc', 'kkxz') as kind, D.objsubid sub_id, D.description
	from pg_catalog.pg_description D
	  join pg_catalog.pg_constraint C on D.objoid = C.oid
	where C.connamespace = $5::oid
	and pg_catalog.age(D.xmin) <= coalesce(nullif(greatest(pg_catalog.age($6::varchar::xid), -1), -1), 2147483647)
	union all
	select D.objoid id, 't' as kind, D.objsubid sub_id, D.description
	from pg_catalog.pg_description D
	  join pg_catalog.pg_trigger T on T.oid = D.objoid
	  join pg_catalog.pg_class C on C.oid = T.tgrelid
	where C.relnamespace = $7::oid
	and pg_catalog.age(D.xmin) <= coalesce(nullif(greatest(pg_catalog.age($8::varchar::xid), -1), -1), 2147483647)
	union all
	select D.objoid id, 'R' as kind, D.objsubid sub_id, D.description
	from pg_catalog.pg_description D
	  join pg_catalog.pg_rewrite R on R.oid = D.objoid
	  join pg_catalog.pg_class C on C.oid = R.ev_class
	where C.relnamespace = $9::oid
	and pg_catalog.age(D.xmin) <= coalesce(nullif(greatest(pg_catalog.age($10::varchar::xid), -1), -1), 2147483647)
	union all
	select D.objoid id, 'F' as kind, D.objsubid sub_id, D.description
	from pg_catalog.pg_description D
	  join pg_catalog.pg_proc P on P.oid = D.objoid
	where P.pronamespace = $11::oid
	and pg_catalog.age(D.xmin) <= coalesce(nullif(greatest(pg_catalog.age($12::varchar::xid), -1), -1), 2147483647)
	union all
	select D.objoid id, 'O' as kind, D.objsubid sub_id, D.description
	from pg_catalog.pg_description D
	  join pg_catalog.pg_operator O on O.oid = D.objoid
	where O.oprnamespace = $13::oid
	and pg_catalog.age(D.xmin) <= coalesce(nullif(greatest(pg_catalog.age($14::varchar::xid), -1), -1), 2147483647)
	union all
	select D.objoid id, 'f' as kind, D.objsubid sub_id, D.description
	from pg_catalog.pg_description D
	  join pg_catalog.pg_opfamily O on O.oid = D.objoid
	where O.opfnamespace = $15::oid
	and pg_catalog.age(D.xmin) <= coalesce(nullif(greatest(pg_catalog.age($16::varchar::xid), -1), -1), 2147483647)
	union all
	select D.objoid id, 'c' as kind, D.objsubid sub_id, D.description
	from pg_catalog.pg_description D
	  join pg_catalog.pg_opclass O on O.oid = D.objoid
	where O.opcnamespace = $17::oid
	and pg_catalog.age(D.xmin) <= coalesce(nullif(greatest(pg_catalog.age($18::varchar::xid), -1), -1), 2147483647)
	union all
	select D.objoid id, 'C' as kind, D.objsubid sub_id, D.description
	from pg_catalog.pg_description D
	  join pg_catalog.pg_collation C on C.oid = D.objoid
	where C.collnamespace = $19::oid
	and pg_catalog.age(D.xmin) <= coalesce(nullif(greatest(pg_catalog.age($20::varchar::xid), -1), -1), 2147483647)
	
	union all
	select D.objoid id, 'P' as kind, D.objsubid sub_id, D.description
	from pg_catalog.pg_description D
	       join pg_catalog.pg_policy P on P.oid = D.objoid
	       join pg_catalog.pg_class C on P.polrelid = C.oid
	where C.relnamespace = $21::oid
	and pg_catalog.age(D.xmin) <= coalesce(nullif(greatest(pg_catalog.age($22::varchar::xid), -1), -1), 2147483647)
	
2022-11-20 21:46:02.332 -03 [8260] ERROR:  UNION types "char" and text cannot be matched at character 768
2022-11-20 21:46:02.332 -03 [8260] STATEMENT:  select D.objoid id, C.relkind as kind, D.objsubid sub_id, D.description
	from pg_catalog.pg_description D
	  join pg_catalog.pg_class C on D.objoid = C.oid
	where C.relnamespace = $1::oid and C.relkind != 'c'
	and pg_catalog.age(D.xmin) <= coalesce(nullif(greatest(pg_catalog.age($2::varchar::xid), -1), -1), 2147483647)
	union all
	select T.oid id, 'T' as kind, D.objsubid sub_id, D.description
	from pg_catalog.pg_description D
	  join pg_catalog.pg_type T on T.oid = D.objoid or T.typrelid = D.objoid
	  left join pg_catalog.pg_class C on T.typrelid = C.oid
	where T.typnamespace = $3::oid and (C.relkind = 'c' or C.relkind is null)
	and pg_catalog.age(D.xmin) <= coalesce(nullif(greatest(pg_catalog.age($4::varchar::xid), -1), -1), 2147483647)
	union all
	select D.objoid id, pg_catalog.translate(C.contype, 'pufc', 'kkxz') as kind, D.objsubid sub_id, D.description
	from pg_catalog.pg_description D
	  join pg_catalog.pg_constraint C on D.objoid = C.oid
	where C.connamespace = $5::oid
	and pg_catalog.age(D.xmin) <= coalesce(nullif(greatest(pg_catalog.age($6::varchar::xid), -1), -1), 2147483647)
	union all
	select D.objoid id, 't' as kind, D.objsubid sub_id, D.description
	from pg_catalog.pg_description D
	  join pg_catalog.pg_trigger T on T.oid = D.objoid
	  join pg_catalog.pg_class C on C.oid = T.tgrelid
	where C.relnamespace = $7::oid
	and pg_catalog.age(D.xmin) <= coalesce(nullif(greatest(pg_catalog.age($8::varchar::xid), -1), -1), 2147483647)
	union all
	select D.objoid id, 'R' as kind, D.objsubid sub_id, D.description
	from pg_catalog.pg_description D
	  join pg_catalog.pg_rewrite R on R.oid = D.objoid
	  join pg_catalog.pg_class C on C.oid = R.ev_class
	where C.relnamespace = $9::oid
	and pg_catalog.age(D.xmin) <= coalesce(nullif(greatest(pg_catalog.age($10::varchar::xid), -1), -1), 2147483647)
	union all
	select D.objoid id, 'F' as kind, D.objsubid sub_id, D.description
	from pg_catalog.pg_description D
	  join pg_catalog.pg_proc P on P.oid = D.objoid
	where P.pronamespace = $11::oid
	and pg_catalog.age(D.xmin) <= coalesce(nullif(greatest(pg_catalog.age($12::varchar::xid), -1), -1), 2147483647)
	union all
	select D.objoid id, 'O' as kind, D.objsubid sub_id, D.description
	from pg_catalog.pg_description D
	  join pg_catalog.pg_operator O on O.oid = D.objoid
	where O.oprnamespace = $13::oid
	and pg_catalog.age(D.xmin) <= coalesce(nullif(greatest(pg_catalog.age($14::varchar::xid), -1), -1), 2147483647)
	union all
	select D.objoid id, 'f' as kind, D.objsubid sub_id, D.description
	from pg_catalog.pg_description D
	  join pg_catalog.pg_opfamily O on O.oid = D.objoid
	where O.opfnamespace = $15::oid
	and pg_catalog.age(D.xmin) <= coalesce(nullif(greatest(pg_catalog.age($16::varchar::xid), -1), -1), 2147483647)
	union all
	select D.objoid id, 'c' as kind, D.objsubid sub_id, D.description
	from pg_catalog.pg_description D
	  join pg_catalog.pg_opclass O on O.oid = D.objoid
	where O.opcnamespace = $17::oid
	and pg_catalog.age(D.xmin) <= coalesce(nullif(greatest(pg_catalog.age($18::varchar::xid), -1), -1), 2147483647)
	union all
	select D.objoid id, 'C' as kind, D.objsubid sub_id, D.description
	from pg_catalog.pg_description D
	  join pg_catalog.pg_collation C on C.oid = D.objoid
	where C.collnamespace = $19::oid
	and pg_catalog.age(D.xmin) <= coalesce(nullif(greatest(pg_catalog.age($20::varchar::xid), -1), -1), 2147483647)
	
	union all
	select D.objoid id, 'P' as kind, D.objsubid sub_id, D.description
	from pg_catalog.pg_description D
	       join pg_catalog.pg_policy P on P.oid = D.objoid
	       join pg_catalog.pg_class C on P.polrelid = C.oid
	where C.relnamespace = $21::oid
	and pg_catalog.age(D.xmin) <= coalesce(nullif(greatest(pg_catalog.age($22::varchar::xid), -1), -1), 2147483647)
	
2022-11-20 21:48:06.708 -03 [27488] ERROR:  UNION types "char" and text cannot be matched at character 768
2022-11-20 21:48:06.708 -03 [27488] STATEMENT:  select D.objoid id, C.relkind as kind, D.objsubid sub_id, D.description
	from pg_catalog.pg_description D
	  join pg_catalog.pg_class C on D.objoid = C.oid
	where C.relnamespace = $1::oid and C.relkind != 'c'
	and pg_catalog.age(D.xmin) <= coalesce(nullif(greatest(pg_catalog.age($2::varchar::xid), -1), -1), 2147483647)
	union all
	select T.oid id, 'T' as kind, D.objsubid sub_id, D.description
	from pg_catalog.pg_description D
	  join pg_catalog.pg_type T on T.oid = D.objoid or T.typrelid = D.objoid
	  left join pg_catalog.pg_class C on T.typrelid = C.oid
	where T.typnamespace = $3::oid and (C.relkind = 'c' or C.relkind is null)
	and pg_catalog.age(D.xmin) <= coalesce(nullif(greatest(pg_catalog.age($4::varchar::xid), -1), -1), 2147483647)
	union all
	select D.objoid id, pg_catalog.translate(C.contype, 'pufc', 'kkxz') as kind, D.objsubid sub_id, D.description
	from pg_catalog.pg_description D
	  join pg_catalog.pg_constraint C on D.objoid = C.oid
	where C.connamespace = $5::oid
	and pg_catalog.age(D.xmin) <= coalesce(nullif(greatest(pg_catalog.age($6::varchar::xid), -1), -1), 2147483647)
	union all
	select D.objoid id, 't' as kind, D.objsubid sub_id, D.description
	from pg_catalog.pg_description D
	  join pg_catalog.pg_trigger T on T.oid = D.objoid
	  join pg_catalog.pg_class C on C.oid = T.tgrelid
	where C.relnamespace = $7::oid
	and pg_catalog.age(D.xmin) <= coalesce(nullif(greatest(pg_catalog.age($8::varchar::xid), -1), -1), 2147483647)
	union all
	select D.objoid id, 'R' as kind, D.objsubid sub_id, D.description
	from pg_catalog.pg_description D
	  join pg_catalog.pg_rewrite R on R.oid = D.objoid
	  join pg_catalog.pg_class C on C.oid = R.ev_class
	where C.relnamespace = $9::oid
	and pg_catalog.age(D.xmin) <= coalesce(nullif(greatest(pg_catalog.age($10::varchar::xid), -1), -1), 2147483647)
	union all
	select D.objoid id, 'F' as kind, D.objsubid sub_id, D.description
	from pg_catalog.pg_description D
	  join pg_catalog.pg_proc P on P.oid = D.objoid
	where P.pronamespace = $11::oid
	and pg_catalog.age(D.xmin) <= coalesce(nullif(greatest(pg_catalog.age($12::varchar::xid), -1), -1), 2147483647)
	union all
	select D.objoid id, 'O' as kind, D.objsubid sub_id, D.description
	from pg_catalog.pg_description D
	  join pg_catalog.pg_operator O on O.oid = D.objoid
	where O.oprnamespace = $13::oid
	and pg_catalog.age(D.xmin) <= coalesce(nullif(greatest(pg_catalog.age($14::varchar::xid), -1), -1), 2147483647)
	union all
	select D.objoid id, 'f' as kind, D.objsubid sub_id, D.description
	from pg_catalog.pg_description D
	  join pg_catalog.pg_opfamily O on O.oid = D.objoid
	where O.opfnamespace = $15::oid
	and pg_catalog.age(D.xmin) <= coalesce(nullif(greatest(pg_catalog.age($16::varchar::xid), -1), -1), 2147483647)
	union all
	select D.objoid id, 'c' as kind, D.objsubid sub_id, D.description
	from pg_catalog.pg_description D
	  join pg_catalog.pg_opclass O on O.oid = D.objoid
	where O.opcnamespace = $17::oid
	and pg_catalog.age(D.xmin) <= coalesce(nullif(greatest(pg_catalog.age($18::varchar::xid), -1), -1), 2147483647)
	union all
	select D.objoid id, 'C' as kind, D.objsubid sub_id, D.description
	from pg_catalog.pg_description D
	  join pg_catalog.pg_collation C on C.oid = D.objoid
	where C.collnamespace = $19::oid
	and pg_catalog.age(D.xmin) <= coalesce(nullif(greatest(pg_catalog.age($20::varchar::xid), -1), -1), 2147483647)
	
	union all
	select D.objoid id, 'P' as kind, D.objsubid sub_id, D.description
	from pg_catalog.pg_description D
	       join pg_catalog.pg_policy P on P.oid = D.objoid
	       join pg_catalog.pg_class C on P.polrelid = C.oid
	where C.relnamespace = $21::oid
	and pg_catalog.age(D.xmin) <= coalesce(nullif(greatest(pg_catalog.age($22::varchar::xid), -1), -1), 2147483647)
	
2022-11-20 21:49:18.069 -03 [1692] LOG:  checkpoint starting: time
2022-11-20 21:49:19.151 -03 [1692] LOG:  checkpoint complete: wrote 6 buffers (0.0%); 0 WAL file(s) added, 0 removed, 0 recycled; write=0.552 s, sync=0.127 s, total=1.084 s; sync files=4, longest=0.072 s, average=0.032 s; distance=27 kB, estimate=27 kB
2022-11-20 21:50:38.127 -03 [19304] ERROR:  null value in column "cod_barras" of relation "produto" violates not-null constraint
2022-11-20 21:50:38.127 -03 [19304] DETAIL:  Failing row contains (2, null, null, null, null, null, null, null, null, null, null, null, null, null, null, null, null, null, null, null, null).
2022-11-20 21:50:38.127 -03 [19304] STATEMENT:  INSERT INTO produto
	DEFAULT VALUES
2022-11-20 21:54:18.160 -03 [1692] LOG:  checkpoint starting: time
2022-11-20 21:54:18.402 -03 [1692] LOG:  checkpoint complete: wrote 2 buffers (0.0%); 0 WAL file(s) added, 0 removed, 0 recycled; write=0.108 s, sync=0.029 s, total=0.243 s; sync files=2, longest=0.021 s, average=0.015 s; distance=0 kB, estimate=25 kB
