2022-11-15 11:24:25.389 -03 [7392] LOG:  database system was shut down at 2022-11-15 03:01:47 -03
2022-11-15 11:29:25.297 -03 [7376] LOG:  checkpoint starting: time
2022-11-15 11:29:30.500 -03 [7376] LOG:  checkpoint complete: wrote 3 buffers (0.0%); 0 WAL file(s) added, 0 removed, 0 recycled; write=0.005 s, sync=0.037 s, total=5.205 s; sync files=2, longest=0.025 s, average=0.019 s; distance=0 kB, estimate=0 kB
2022-11-15 12:04:52.686 -03 [13836] ERROR:  UNION types "char" and text cannot be matched at character 768
2022-11-15 12:04:52.686 -03 [13836] STATEMENT:  select D.objoid id, C.relkind as kind, D.objsubid sub_id, D.description
	from pg_catalog.pg_description D
	  join pg_catalog.pg_class C on D.objoid = C.oid
	where C.relnamespace = $1::oid and C.relkind != 'c'
	and pg_catalog.age(D.xmin) <= coalesce(nullif(greatest(pg_catalog.age($2::varchar::xid), -1), -1), 2147483647)
	union all
	select T.oid id, 'T' as kind, D.objsubid sub_id, D.description
	from pg_catalog.pg_description D
	  join pg_catalog.pg_type T on T.oid = D.objoid or T.typrelid = D.objoid
	  left join pg_catalog.pg_class C on T.typrelid = C.oid
	where T.typnamespace = $3::oid and (C.relkind = 'c' or C.relkind is null)
	and pg_catalog.age(D.xmin) <= coalesce(nullif(greatest(pg_catalog.age($4::varchar::xid), -1), -1), 2147483647)
	union all
	select D.objoid id, pg_catalog.translate(C.contype, 'pufc', 'kkxz') as kind, D.objsubid sub_id, D.description
	from pg_catalog.pg_description D
	  join pg_catalog.pg_constraint C on D.objoid = C.oid
	where C.connamespace = $5::oid
	and pg_catalog.age(D.xmin) <= coalesce(nullif(greatest(pg_catalog.age($6::varchar::xid), -1), -1), 2147483647)
	union all
	select D.objoid id, 't' as kind, D.objsubid sub_id, D.description
	from pg_catalog.pg_description D
	  join pg_catalog.pg_trigger T on T.oid = D.objoid
	  join pg_catalog.pg_class C on C.oid = T.tgrelid
	where C.relnamespace = $7::oid
	and pg_catalog.age(D.xmin) <= coalesce(nullif(greatest(pg_catalog.age($8::varchar::xid), -1), -1), 2147483647)
	union all
	select D.objoid id, 'R' as kind, D.objsubid sub_id, D.description
	from pg_catalog.pg_description D
	  join pg_catalog.pg_rewrite R on R.oid = D.objoid
	  join pg_catalog.pg_class C on C.oid = R.ev_class
	where C.relnamespace = $9::oid
	and pg_catalog.age(D.xmin) <= coalesce(nullif(greatest(pg_catalog.age($10::varchar::xid), -1), -1), 2147483647)
	union all
	select D.objoid id, 'F' as kind, D.objsubid sub_id, D.description
	from pg_catalog.pg_description D
	  join pg_catalog.pg_proc P on P.oid = D.objoid
	where P.pronamespace = $11::oid
	and pg_catalog.age(D.xmin) <= coalesce(nullif(greatest(pg_catalog.age($12::varchar::xid), -1), -1), 2147483647)
	union all
	select D.objoid id, 'O' as kind, D.objsubid sub_id, D.description
	from pg_catalog.pg_description D
	  join pg_catalog.pg_operator O on O.oid = D.objoid
	where O.oprnamespace = $13::oid
	and pg_catalog.age(D.xmin) <= coalesce(nullif(greatest(pg_catalog.age($14::varchar::xid), -1), -1), 2147483647)
	union all
	select D.objoid id, 'f' as kind, D.objsubid sub_id, D.description
	from pg_catalog.pg_description D
	  join pg_catalog.pg_opfamily O on O.oid = D.objoid
	where O.opfnamespace = $15::oid
	and pg_catalog.age(D.xmin) <= coalesce(nullif(greatest(pg_catalog.age($16::varchar::xid), -1), -1), 2147483647)
	union all
	select D.objoid id, 'c' as kind, D.objsubid sub_id, D.description
	from pg_catalog.pg_description D
	  join pg_catalog.pg_opclass O on O.oid = D.objoid
	where O.opcnamespace = $17::oid
	and pg_catalog.age(D.xmin) <= coalesce(nullif(greatest(pg_catalog.age($18::varchar::xid), -1), -1), 2147483647)
	union all
	select D.objoid id, 'C' as kind, D.objsubid sub_id, D.description
	from pg_catalog.pg_description D
	  join pg_catalog.pg_collation C on C.oid = D.objoid
	where C.collnamespace = $19::oid
	and pg_catalog.age(D.xmin) <= coalesce(nullif(greatest(pg_catalog.age($20::varchar::xid), -1), -1), 2147483647)
	
	union all
	select D.objoid id, 'P' as kind, D.objsubid sub_id, D.description
	from pg_catalog.pg_description D
	       join pg_catalog.pg_policy P on P.oid = D.objoid
	       join pg_catalog.pg_class C on P.polrelid = C.oid
	where C.relnamespace = $21::oid
	and pg_catalog.age(D.xmin) <= coalesce(nullif(greatest(pg_catalog.age($22::varchar::xid), -1), -1), 2147483647)
	
2022-11-15 12:09:25.581 -03 [7376] LOG:  checkpoint starting: time
2022-11-15 12:09:26.889 -03 [7376] LOG:  checkpoint complete: wrote 8 buffers (0.0%); 0 WAL file(s) added, 0 removed, 0 recycled; write=0.784 s, sync=0.149 s, total=1.309 s; sync files=5, longest=0.063 s, average=0.030 s; distance=0 kB, estimate=0 kB
2022-11-15 15:17:24.300 -03 [6084] ERROR:  null value in column "celular" of relation "clientes" violates not-null constraint
2022-11-15 15:17:24.300 -03 [6084] DETAIL:  Failing row contains (null, 3, JURIDICA, LIBERADO, 2022-11-15, 821.217.411-51, Heloisa Elaine Giovanna da Luz, Heloisa, 140409452, Brasília, A, SOLTEIRO, 72215522, Brasilia , Ceilândia Sul (Ceilândia), BA, Quadra EQNM 1/3 Bloco B, 791, sn, ao lado da padaria, null, null, null, null, null, null, null, null, 1998-11-15).
2022-11-15 15:17:24.300 -03 [6084] STATEMENT:  INSERT INTO clientes
	(id_cliente, tipo_pessoa, situacao, data_cadastro, 
	  cpf, nome, apelido, rg, cidade_natural, 
	  tip_sangue, estado_civil, cep, cidade, 
	  bairro, uf, endereco, numero, complemento, 
	  referencia, data_nascimento)
	VALUES ($1, $2, $3, $4, 
	  $5, $6, $7, $8, $9, 
	  $10, $11, $12, $13, 
	  $14, $15, $16, $17, $18, 
	  $19, $20)
2022-11-15 15:19:26.216 -03 [7376] LOG:  checkpoint starting: time
2022-11-15 15:19:26.582 -03 [7376] LOG:  checkpoint complete: wrote 3 buffers (0.0%); 0 WAL file(s) added, 0 removed, 0 recycled; write=0.224 s, sync=0.052 s, total=0.367 s; sync files=3, longest=0.023 s, average=0.018 s; distance=1 kB, estimate=1 kB
2022-11-15 16:40:41.214 -03 [12328] FATAL:  password authentication failed for user "postgres"
2022-11-15 16:40:41.214 -03 [12328] DETAIL:  Connection matched pg_hba.conf line 87: "host    all             all             127.0.0.1/32            scram-sha-256"
2022-11-15 17:57:02.650 -03 [14792] ERROR:  null value in column "celular" of relation "clientes" violates not-null constraint
2022-11-15 17:57:02.650 -03 [14792] DETAIL:  Failing row contains (null, 4, FISICA, LIBERADO, 2022-11-15, 765.701.577-28, RAUL VICENTE IGOR BAPTISTA, RAULZITO, 224217781, MACEIÓ, B, CASADO, 57045005, MACEIÓ, BARRO DURO, AL, TRAVESSA MUNIZ FALCÃO, 975, null, null, null, null, null, null, null, null, null, null, 1975-06-03).
2022-11-15 17:57:02.650 -03 [14792] STATEMENT:  INSERT INTO clientes
	(id_cliente, tipo_pessoa, situacao, data_cadastro, 
	  cpf, nome, apelido, rg, cidade_natural, 
	  tip_sangue, estado_civil, cep, cidade, 
	  bairro, uf, endereco, numero, data_nascimento)
	VALUES ($1, $2, $3, $4, 
	  $5, $6, $7, $8, $9, 
	  $10, $11, $12, $13, 
	  $14, $15, $16, $17, $18)
2022-11-15 17:59:26.839 -03 [7376] LOG:  checkpoint starting: time
2022-11-15 17:59:27.451 -03 [7376] LOG:  checkpoint complete: wrote 3 buffers (0.0%); 0 WAL file(s) added, 0 removed, 0 recycled; write=0.214 s, sync=0.058 s, total=0.613 s; sync files=3, longest=0.023 s, average=0.020 s; distance=1 kB, estimate=1 kB
2022-11-15 23:25:05.499 -03 [8012] ERROR:  canceling statement due to user request
2022-11-15 23:25:05.559 -03 [7376] LOG:  shutting down
2022-11-15 23:25:05.576 -03 [7376] LOG:  checkpoint starting: shutdown immediate
2022-11-15 23:25:05.688 -03 [7376] LOG:  checkpoint complete: wrote 0 buffers (0.0%); 0 WAL file(s) added, 0 removed, 0 recycled; write=0.001 s, sync=0.001 s, total=0.129 s; sync files=0, longest=0.000 s, average=0.000 s; distance=0 kB, estimate=1 kB
